INFO 2025-11-19 15:00:36,220 autoreload 5336 140392813027456 Watching for file changes with StatReloader
WARNING 2025-11-19 15:00:44,618 basehttp 5336 140392661952192 "GET / HTTP/1.1" 404 4944
WARNING 2025-11-19 15:00:44,913 basehttp 5336 140392661952192 "GET /favicon.ico HTTP/1.1" 404 4995
INFO 2025-11-19 15:01:02,362 basehttp 5336 140392661952192 "GET /admin/ HTTP/1.1" 302 0
INFO 2025-11-19 15:01:02,462 basehttp 5336 140392661952192 "GET /admin/login/?next=/admin/ HTTP/1.1" 200 4187
INFO 2025-11-19 15:01:02,548 basehttp 5336 140392661952192 "GET /static/admin/css/base.css HTTP/1.1" 200 22120
INFO 2025-11-19 15:01:02,558 basehttp 5336 140392653559488 "GET /static/admin/css/dark_mode.css HTTP/1.1" 200 2808
INFO 2025-11-19 15:01:02,568 basehttp 5336 140392633628352 "GET /static/admin/css/nav_sidebar.css HTTP/1.1" 200 2810
INFO 2025-11-19 15:01:02,568 basehttp 5336 140392642021056 "GET /static/admin/js/theme.js HTTP/1.1" 200 1653
INFO 2025-11-19 15:01:02,569 basehttp 5336 140392625235648 "GET /static/admin/css/login.css HTTP/1.1" 200 951
INFO 2025-11-19 15:01:02,570 basehttp 5336 140392280356544 "GET /static/admin/css/responsive.css HTTP/1.1" 200 16565
INFO 2025-11-19 15:01:02,581 basehttp 5336 140392625235648 "GET /static/admin/js/nav_sidebar.js HTTP/1.1" 200 3063
WARNING 2025-11-19 15:01:28,944 basehttp 5336 140392625235648 "GET /health/%20[name='health-check'] HTTP/1.1" 404 5087
INFO 2025-11-19 15:01:50,718 basehttp 5336 140392625235648 "GET /health/ HTTP/1.1" 200 53
INFO 2025-11-19 15:02:01,200 basehttp 5336 140392625235648 "GET /health/db HTTP/1.1" 301 0
INFO 2025-11-19 15:02:01,247 basehttp 5336 140392661952192 "GET /health/db/ HTTP/1.1" 200 25
INFO 2025-11-19 16:28:26,289 autoreload 5336 140392813027456 /mnt/c/Users/user/collabspace-ai/backend/collabspace_backend/collabspace_backend/urls.py changed, reloading.
INFO 2025-11-19 16:28:33,236 autoreload 5465 140511512412288 Watching for file changes with StatReloader
INFO 2025-11-19 16:28:41,604 autoreload 5465 140511512412288 /mnt/c/Users/user/collabspace-ai/backend/collabspace_backend/collabspace_backend/urls.py changed, reloading.
INFO 2025-11-19 16:28:44,585 autoreload 5468 140621818200192 Watching for file changes with StatReloader
INFO 2025-11-19 16:28:57,698 autoreload 5468 140621818200192 /mnt/c/Users/user/collabspace-ai/backend/collabspace_backend/collabspace_backend/urls.py changed, reloading.
INFO 2025-11-19 16:29:00,633 autoreload 5479 140201820086400 Watching for file changes with StatReloader
WARNING 2025-11-19 16:29:14,128 basehttp 5479 140201669076672 "GET /health/%20[name='health-check'] HTTP/1.1" 404 5054
INFO 2025-11-19 16:32:19,039 autoreload 5479 140201820086400 /mnt/c/Users/user/collabspace-ai/backend/collabspace_backend/collabspace_backend/settings/base.py changed, reloading.
INFO 2025-11-19 16:32:23,230 autoreload 5495 140448750289024 Watching for file changes with StatReloader
INFO 2025-11-19 16:32:28,231 autoreload 5495 140448750289024 /mnt/c/Users/user/collabspace-ai/backend/collabspace_backend/collabspace_backend/settings/base.py changed, reloading.
INFO 2025-11-19 16:32:31,335 autoreload 5500 140582261424256 Watching for file changes with StatReloader
INFO 2025-11-19 16:36:52,280 autoreload 5500 140582261424256 /mnt/c/Users/user/collabspace-ai/backend/collabspace_backend/collabspace_backend/settings/base.py changed, reloading.
INFO 2025-11-19 16:36:55,299 autoreload 5526 140099243614336 Watching for file changes with StatReloader
WARNING 2025-11-19 17:01:08,898 basehttp 5526 140099092129472 "GET / HTTP/1.1" 404 4911
ERROR 2025-11-19 17:01:56,941 basehttp 5526 140099005179584 "POST /api/auth/register/ HTTP/1.1" 500 154
INFO 2025-11-19 18:24:08,112 autoreload 5685 139755562651776 Watching for file changes with StatReloader
ERROR 2025-11-19 18:24:27,963 basehttp 5685 139755342788288 "POST /api/auth/register/ HTTP/1.1" 500 154
INFO 2025-11-19 18:51:45,660 autoreload 6193 139912369053824 Watching for file changes with StatReloader
ERROR 2025-11-19 18:52:19,521 basehttp 6193 139912217011904 "POST /api/auth/register/ HTTP/1.1" 500 124
INFO 2025-11-19 19:30:48,394 autoreload 6402 140135572127872 Watching for file changes with StatReloader
WARNING 2025-11-19 19:32:11,983 basehttp 6402 140135420044992 "POST /api/auth/register/ HTTP/1.1" 400 193
WARNING 2025-11-19 19:33:31,945 basehttp 6402 140135420044992 "POST /api/auth/register/ HTTP/1.1" 400 250
ERROR 2025-11-19 19:34:17,969 basehttp 6402 140135420044992 "POST /api/auth/register/ HTTP/1.1" 500 124
INFO 2025-11-20 12:29:22,339 autoreload 6402 140135572127872 /mnt/c/Users/user/collabspace-ai/backend/collabspace_backend/collabspace_backend/settings/base.py changed, reloading.
INFO 2025-11-20 12:29:30,244 autoreload 8950 140173655888000 Watching for file changes with StatReloader
INFO 2025-11-20 12:29:37,720 autoreload 8950 140173655888000 /mnt/c/Users/user/collabspace-ai/backend/collabspace_backend/collabspace_backend/settings/base.py changed, reloading.
INFO 2025-11-20 12:29:40,556 autoreload 8955 140215773651072 Watching for file changes with StatReloader
WARNING 2025-11-21 10:51:20,429 basehttp 8955 140215621428928 "POST /api/auth/register/ HTTP/1.1" 400 332
ERROR 2025-11-21 11:23:20,617 basehttp 8955 140215621428928 "POST /api/auth/register/ HTTP/1.1" 500 124
INFO 2025-11-21 11:26:04,724 autoreload 8955 140215773651072 /mnt/c/Users/user/collabspace-ai/backend/collabspace_backend/apps/authentication/utils.py changed, reloading.
INFO 2025-11-21 11:26:14,758 autoreload 11202 140354603540608 Watching for file changes with StatReloader
WARNING 2025-11-21 11:26:31,198 basehttp 11202 140354451842752 "POST /api/auth/register/ HTTP/1.1" 400 332
WARNING 2025-11-21 11:26:45,391 basehttp 11202 140354451842752 "POST /api/auth/register/ HTTP/1.1" 400 193
ERROR 2025-11-21 11:27:03,241 basehttp 11202 140354451842752 "POST /api/auth/register/ HTTP/1.1" 500 101
INFO 2025-11-21 11:27:29,349 autoreload 11202 140354603540608 /mnt/c/Users/user/collabspace-ai/backend/collabspace_backend/apps/authentication/utils.py changed, reloading.
INFO 2025-11-21 11:27:32,264 autoreload 11224 140148897419392 Watching for file changes with StatReloader
ERROR 2025-11-21 11:27:51,569 basehttp 11224 140148675180224 "POST /api/auth/register/ HTTP/1.1" 500 106
INFO 2025-11-21 11:32:40,279 autoreload 11224 140148897419392 /mnt/c/Users/user/collabspace-ai/backend/collabspace_backend/apps/authentication/utils.py changed, reloading.
INFO 2025-11-21 11:32:43,356 autoreload 11269 140709826953344 Watching for file changes with StatReloader
INFO 2025-11-21 11:43:09,892 autoreload 11269 140709826953344 /mnt/c/Users/user/collabspace-ai/backend/collabspace_backend/collabspace_backend/settings/development.py changed, reloading.
INFO 2025-11-21 11:43:14,970 autoreload 11323 139629572989056 Watching for file changes with StatReloader
ERROR 2025-11-21 11:43:39,473 basehttp 11323 139629420259008 "POST /api/auth/register/ HTTP/1.1" 500 179
INFO 2025-11-21 11:50:55,612 autoreload 11323 139629572989056 /mnt/c/Users/user/collabspace-ai/backend/collabspace_backend/apps/authentication/serializers.py changed, reloading.
INFO 2025-11-21 11:50:59,538 autoreload 11355 140405135945856 Watching for file changes with StatReloader
INFO 2025-11-21 12:01:18,452 basehttp 11355 140404983768768 "POST /api/auth/register/ HTTP/1.1" 201 1104
INFO 2025-11-21 12:02:37,435 basehttp 11355 140404973278912 "POST /api/auth/login/ HTTP/1.1" 200 1297
WARNING 2025-11-21 12:03:05,289 basehttp 11355 140404973278912 "GET /api/auth/me/ HTTP/1.1" 404 10916
WARNING 2025-11-21 12:04:40,113 basehttp 11355 140404762605248 "POST /api/auth/token/refresh/ HTTP/1.1" 404 10950
WARNING 2025-11-21 12:04:48,918 basehttp 11355 140404762605248 "POST /api/auth/token/refresh/ HTTP/1.1" 404 10950
WARNING 2025-11-21 12:05:02,937 basehttp 11355 140404762605248 "POST /api/auth/logout/ HTTP/1.1" 401 201
WARNING 2025-11-21 12:05:50,708 basehttp 11355 140404762605248 "POST /api/auth/logout/ HTTP/1.1" 401 201
WARNING 2025-11-21 12:06:13,112 basehttp 11355 140404762605248 "GET /api/core/health/ HTTP/1.1" 401 90
WARNING 2025-11-21 12:06:33,604 basehttp 11355 140404762605248 "GET /api/core/version/ HTTP/1.1" 401 90
WARNING 2025-11-21 12:06:44,060 basehttp 11355 140404762605248 "POST /api/workspaces/ HTTP/1.1" 401 201
INFO 2025-11-21 12:06:56,009 basehttp 11355 140404762605248 "POST /api/auth/login/ HTTP/1.1" 200 1297
WARNING 2025-11-21 12:07:02,600 basehttp 11355 140404762605248 "POST /api/workspaces/ HTTP/1.1" 401 201
INFO 2025-11-21 12:30:26,378 autoreload 11523 139977780252800 Watching for file changes with StatReloader
